2022-04-22 09:13:28,583 [INFO] [Manager] [manager_thread] : Running script
2022-04-22 09:13:30,622 [INFO] [VIX_Motor_Controller] [] : 0GH
2022-04-22 09:13:30,625 [INFO] [VIX_Motor_Controller] [] : output = b'0GH\r\n'
2022-04-22 09:13:45,339 [INFO] [Manager] [] : Checking ability to log
2022-04-22 09:13:47,463 [INFO] [NI_DAQ] [] : Filling tank, please wait...
2022-04-22 09:13:57,467 [INFO] [NI_DAQ] [] : Tank full
2022-04-22 09:13:57,526 [INFO] [VIX_Motor_Controller] [] : 1D-7968
2022-04-22 09:13:57,528 [INFO] [VIX_Motor_Controller] [] : output = b'1D-7968\r\n'
2022-04-22 09:13:57,587 [INFO] [VIX_Motor_Controller] [] : 1G
2022-04-22 09:13:57,587 [INFO] [VIX_Motor_Controller] [] : output = b'1G\r\n'
2022-04-22 09:14:06,680 [INFO] [VIX_Motor_Controller] [] : 1D-7961
2022-04-22 09:14:06,686 [INFO] [VIX_Motor_Controller] [] : output = b'1D-7961\r\n'
2022-04-22 09:14:06,748 [INFO] [VIX_Motor_Controller] [] : 1G
2022-04-22 09:14:06,748 [INFO] [VIX_Motor_Controller] [] : output = b'1G\r\n'
2022-04-22 09:14:07,884 [INFO] [VIX_Motor_Controller] [] : 1D-7953
2022-04-22 09:14:07,885 [INFO] [VIX_Motor_Controller] [] : output = b'1D-7953\r\n'
2022-04-22 09:14:07,938 [INFO] [VIX_Motor_Controller] [] : 1G
2022-04-22 09:14:07,938 [INFO] [VIX_Motor_Controller] [] : output = b'1G\r\n'
2022-04-22 09:14:09,064 [INFO] [VIX_Motor_Controller] [] : 1D-7946
2022-04-22 09:14:09,065 [INFO] [VIX_Motor_Controller] [] : output = b'1D-7946\r\n'
2022-04-22 09:14:09,123 [INFO] [VIX_Motor_Controller] [] : 1G
2022-04-22 09:14:09,123 [INFO] [VIX_Motor_Controller] [] : output = b'1G\r\n'
2022-04-22 09:14:10,244 [INFO] [VIX_Motor_Controller] [] : 1D-7938
2022-04-22 09:14:10,246 [INFO] [VIX_Motor_Controller] [] : output = b'1D-7938\r\n'
2022-04-22 09:14:10,309 [INFO] [VIX_Motor_Controller] [] : 1G
2022-04-22 09:14:10,309 [INFO] [VIX_Motor_Controller] [] : output = b'1G\r\n'
2022-04-22 09:14:11,443 [INFO] [VIX_Motor_Controller] [] : 1D-7931
2022-04-22 09:14:11,444 [INFO] [VIX_Motor_Controller] [] : output = b'1D-7931\r\n'
2022-04-22 09:14:11,504 [INFO] [VIX_Motor_Controller] [] : 1G
2022-04-22 09:14:11,505 [INFO] [VIX_Motor_Controller] [] : output = b'1G\r\n'
2022-04-22 09:14:12,639 [INFO] [VIX_Motor_Controller] [] : 1D-7923
2022-04-22 09:14:12,639 [INFO] [VIX_Motor_Controller] [] : output = b'1D-7923\r\n'
2022-04-22 09:14:12,697 [INFO] [VIX_Motor_Controller] [] : 1G
2022-04-22 09:14:12,698 [INFO] [VIX_Motor_Controller] [] : output = b'1G\r\n'
2022-04-22 09:14:13,818 [INFO] [VIX_Motor_Controller] [] : 1D-7916
2022-04-22 09:14:13,820 [INFO] [VIX_Motor_Controller] [] : output = b'1D-7916\r\n'
2022-04-22 09:14:13,887 [INFO] [VIX_Motor_Controller] [] : 1G
2022-04-22 09:14:13,888 [INFO] [VIX_Motor_Controller] [] : output = b'1G\r\n'
2022-04-22 09:14:15,018 [INFO] [VIX_Motor_Controller] [] : 1D-7908
2022-04-22 09:14:15,018 [INFO] [VIX_Motor_Controller] [] : output = b'1D-7908\r\n'
2022-04-22 09:14:15,082 [INFO] [VIX_Motor_Controller] [] : 1G
2022-04-22 09:14:15,083 [INFO] [VIX_Motor_Controller] [] : output = b'1G\r\n'
2022-04-22 09:14:16,216 [INFO] [VIX_Motor_Controller] [] : 1D-7901
2022-04-22 09:14:16,217 [INFO] [VIX_Motor_Controller] [] : output = b'1D-7901\r\n'
2022-04-22 09:14:16,271 [INFO] [VIX_Motor_Controller] [] : 1G
2022-04-22 09:14:16,271 [INFO] [VIX_Motor_Controller] [] : output = b'1G\r\n'
2022-04-22 09:14:17,395 [INFO] [VIX_Motor_Controller] [] : 1D-7893
2022-04-22 09:14:17,397 [INFO] [VIX_Motor_Controller] [] : output = b'1D-7893\r\n'
2022-04-22 09:14:17,460 [INFO] [VIX_Motor_Controller] [] : 1G
2022-04-22 09:14:17,460 [INFO] [VIX_Motor_Controller] [] : output = b'1G\r\n'
2022-04-22 09:14:18,587 [INFO] [VIX_Motor_Controller] [] : 1D-7886
2022-04-22 09:14:18,594 [INFO] [VIX_Motor_Controller] [] : output = b'1D-7886\r\n'
2022-04-22 09:14:18,662 [INFO] [VIX_Motor_Controller] [] : 1G
2022-04-22 09:14:18,663 [INFO] [VIX_Motor_Controller] [] : output = b'1G\r\n'
2022-04-22 09:14:19,792 [INFO] [VIX_Motor_Controller] [] : 1D-7878
2022-04-22 09:14:19,794 [INFO] [VIX_Motor_Controller] [] : output = b'1D-7878\r\n'
2022-04-22 09:14:19,850 [INFO] [VIX_Motor_Controller] [] : 1G
2022-04-22 09:14:19,851 [INFO] [VIX_Motor_Controller] [] : output = b'1G\r\n'
2022-04-22 09:14:20,974 [INFO] [VIX_Motor_Controller] [] : 1D-7871
2022-04-22 09:14:20,976 [INFO] [VIX_Motor_Controller] [] : output = b'1D-7871\r\n'
2022-04-22 09:14:21,041 [INFO] [VIX_Motor_Controller] [] : 1G
2022-04-22 09:14:21,041 [INFO] [VIX_Motor_Controller] [] : output = b'1G\r\n'
2022-04-22 09:14:22,171 [INFO] [VIX_Motor_Controller] [] : 1D-7863
2022-04-22 09:14:22,172 [INFO] [VIX_Motor_Controller] [] : output = b'1D-7863\r\n'
2022-04-22 09:14:22,230 [INFO] [VIX_Motor_Controller] [] : 1G
2022-04-22 09:14:22,231 [INFO] [VIX_Motor_Controller] [] : output = b'1G\r\n'
2022-04-22 09:14:23,362 [INFO] [VIX_Motor_Controller] [] : 1D-7856
2022-04-22 09:14:23,368 [INFO] [VIX_Motor_Controller] [] : output = b'1D-7856\r\n'
2022-04-22 09:14:23,422 [INFO] [VIX_Motor_Controller] [] : 1G
2022-04-22 09:14:23,422 [INFO] [VIX_Motor_Controller] [] : output = b'1G\r\n'
2022-04-22 09:14:24,548 [INFO] [VIX_Motor_Controller] [] : 1D-7848
2022-04-22 09:14:24,548 [INFO] [VIX_Motor_Controller] [] : output = b'1D-7848\r\n'
2022-04-22 09:14:24,613 [INFO] [VIX_Motor_Controller] [] : 1G
2022-04-22 09:14:24,614 [INFO] [VIX_Motor_Controller] [] : output = b'1G\r\n'
2022-04-22 09:14:25,744 [INFO] [VIX_Motor_Controller] [] : 1D-7841
2022-04-22 09:14:25,746 [INFO] [VIX_Motor_Controller] [] : output = b'1D-7841\r\n'
2022-04-22 09:14:25,804 [INFO] [VIX_Motor_Controller] [] : 1G
2022-04-22 09:14:25,805 [INFO] [VIX_Motor_Controller] [] : output = b'1G\r\n'
2022-04-22 09:14:26,944 [INFO] [VIX_Motor_Controller] [] : 1D-7833
2022-04-22 09:14:26,945 [INFO] [VIX_Motor_Controller] [] : output = b'1D-7833\r\n'
2022-04-22 09:14:26,999 [INFO] [VIX_Motor_Controller] [] : 1G
2022-04-22 09:14:27,000 [INFO] [VIX_Motor_Controller] [] : output = b'1G\r\n'
2022-04-22 09:14:28,124 [INFO] [VIX_Motor_Controller] [] : 1D-7826
2022-04-22 09:14:28,125 [INFO] [VIX_Motor_Controller] [] : output = b'1D-7826\r\n'
2022-04-22 09:14:28,189 [INFO] [VIX_Motor_Controller] [] : 1G
2022-04-22 09:14:28,190 [INFO] [VIX_Motor_Controller] [] : output = b'1G\r\n'
2022-04-22 09:14:29,320 [INFO] [VIX_Motor_Controller] [] : 1D-7818
2022-04-22 09:14:29,322 [INFO] [VIX_Motor_Controller] [] : output = b'1D-7818\r\n'
2022-04-22 09:14:29,381 [INFO] [VIX_Motor_Controller] [] : 1G
2022-04-22 09:14:29,382 [INFO] [VIX_Motor_Controller] [] : output = b'1G\r\n'
2022-04-22 09:14:30,505 [INFO] [Manager] [] : Maximum of 9.88091214708134e-06 @ x = -2.125 mm. Going there.
2022-04-22 09:14:30,506 [INFO] [VIX_Motor_Controller] [] : 1D-7953
2022-04-22 09:14:30,507 [INFO] [VIX_Motor_Controller] [] : output = b'1D-7953\r\n'
2022-04-22 09:14:30,570 [INFO] [VIX_Motor_Controller] [] : 1G
2022-04-22 09:14:30,571 [INFO] [VIX_Motor_Controller] [] : output = b'1G\r\n'
2022-04-22 09:14:31,120 [INFO] [VIX_Motor_Controller] [] : 2D123
2022-04-22 09:14:31,122 [INFO] [VIX_Motor_Controller] [] : output = b'2D123\r\n'
2022-04-22 09:14:31,182 [INFO] [VIX_Motor_Controller] [] : 2G
2022-04-22 09:14:31,185 [INFO] [VIX_Motor_Controller] [] : output = b'2G\r\n'
2022-04-22 09:14:33,430 [INFO] [VIX_Motor_Controller] [] : 2D116
2022-04-22 09:14:33,432 [INFO] [VIX_Motor_Controller] [] : output = b'2D116\r\n'
2022-04-22 09:14:33,494 [INFO] [VIX_Motor_Controller] [] : 2G
2022-04-22 09:14:33,496 [INFO] [VIX_Motor_Controller] [] : output = b'2G\r\n'
2022-04-22 09:14:34,626 [INFO] [VIX_Motor_Controller] [] : 2D110
2022-04-22 09:14:34,626 [INFO] [VIX_Motor_Controller] [] : output = b'2D110\r\n'
2022-04-22 09:14:34,686 [INFO] [VIX_Motor_Controller] [] : 2G
2022-04-22 09:14:34,687 [INFO] [VIX_Motor_Controller] [] : output = b'2G\r\n'
2022-04-22 09:14:35,810 [INFO] [VIX_Motor_Controller] [] : 2D104
2022-04-22 09:14:35,812 [INFO] [VIX_Motor_Controller] [] : output = b'2D104\r\n'
2022-04-22 09:14:35,874 [INFO] [VIX_Motor_Controller] [] : 2G
2022-04-22 09:14:35,875 [INFO] [VIX_Motor_Controller] [] : output = b'2G\r\n'
2022-04-22 09:14:37,006 [INFO] [VIX_Motor_Controller] [] : 2D98
2022-04-22 09:14:37,008 [INFO] [VIX_Motor_Controller] [] : output = b'2D98\r\n'
2022-04-22 09:14:37,076 [INFO] [VIX_Motor_Controller] [] : 2G
2022-04-22 09:14:37,077 [INFO] [VIX_Motor_Controller] [] : output = b'2G\r\n'
2022-04-22 09:14:38,202 [INFO] [VIX_Motor_Controller] [] : 2D92
2022-04-22 09:14:38,204 [INFO] [VIX_Motor_Controller] [] : output = b'2D92\r\n'
2022-04-22 09:14:38,266 [INFO] [VIX_Motor_Controller] [] : 2G
2022-04-22 09:14:38,267 [INFO] [VIX_Motor_Controller] [] : output = b'2G\r\n'
2022-04-22 09:14:39,398 [INFO] [VIX_Motor_Controller] [] : 2D86
2022-04-22 09:14:39,398 [INFO] [VIX_Motor_Controller] [] : output = b'2D86\r\n'
2022-04-22 09:14:39,455 [INFO] [VIX_Motor_Controller] [] : 2G
2022-04-22 09:14:39,455 [INFO] [VIX_Motor_Controller] [] : output = b'2G\r\n'
2022-04-22 09:14:40,583 [INFO] [VIX_Motor_Controller] [] : 2D80
2022-04-22 09:14:40,585 [INFO] [VIX_Motor_Controller] [] : output = b'2D80\r\n'
2022-04-22 09:14:40,648 [INFO] [VIX_Motor_Controller] [] : 2G
2022-04-22 09:14:40,649 [INFO] [VIX_Motor_Controller] [] : output = b'2G\r\n'
2022-04-22 09:14:41,775 [INFO] [VIX_Motor_Controller] [] : 2D74
2022-04-22 09:14:41,776 [INFO] [VIX_Motor_Controller] [] : output = b'2D74\r\n'
2022-04-22 09:14:41,834 [INFO] [VIX_Motor_Controller] [] : 2G
2022-04-22 09:14:41,834 [INFO] [VIX_Motor_Controller] [] : output = b'2G\r\n'
2022-04-22 09:14:42,957 [INFO] [VIX_Motor_Controller] [] : 2D68
2022-04-22 09:14:42,957 [INFO] [VIX_Motor_Controller] [] : output = b'2D68\r\n'
2022-04-22 09:14:43,016 [INFO] [VIX_Motor_Controller] [] : 2G
2022-04-22 09:14:43,017 [INFO] [VIX_Motor_Controller] [] : output = b'2G\r\n'
2022-04-22 09:14:44,143 [INFO] [VIX_Motor_Controller] [] : 2D62
2022-04-22 09:14:44,145 [INFO] [VIX_Motor_Controller] [] : output = b'2D62\r\n'
2022-04-22 09:14:44,208 [INFO] [VIX_Motor_Controller] [] : 2G
2022-04-22 09:14:44,209 [INFO] [VIX_Motor_Controller] [] : output = b'2G\r\n'
2022-04-22 09:14:45,340 [INFO] [VIX_Motor_Controller] [] : 2D56
2022-04-22 09:14:45,342 [INFO] [VIX_Motor_Controller] [] : output = b'2D56\r\n'
2022-04-22 09:14:45,402 [INFO] [VIX_Motor_Controller] [] : 2G
2022-04-22 09:14:45,402 [INFO] [VIX_Motor_Controller] [] : output = b'2G\r\n'
2022-04-22 09:14:46,528 [INFO] [VIX_Motor_Controller] [] : 2D50
2022-04-22 09:14:46,534 [INFO] [VIX_Motor_Controller] [] : output = b'2D50\r\n'
2022-04-22 09:14:46,588 [INFO] [VIX_Motor_Controller] [] : 2G
2022-04-22 09:14:46,588 [INFO] [VIX_Motor_Controller] [] : output = b'2G\r\n'
2022-04-22 09:14:47,714 [INFO] [VIX_Motor_Controller] [] : 2D44
2022-04-22 09:14:47,716 [INFO] [VIX_Motor_Controller] [] : output = b'2D44\r\n'
2022-04-22 09:14:47,776 [INFO] [VIX_Motor_Controller] [] : 2G
2022-04-22 09:14:47,777 [INFO] [VIX_Motor_Controller] [] : output = b'2G\r\n'
2022-04-22 09:14:48,898 [INFO] [VIX_Motor_Controller] [] : 2D38
2022-04-22 09:14:48,900 [INFO] [VIX_Motor_Controller] [] : output = b'2D38\r\n'
2022-04-22 09:14:48,965 [INFO] [VIX_Motor_Controller] [] : 2G
2022-04-22 09:14:48,965 [INFO] [VIX_Motor_Controller] [] : output = b'2G\r\n'
2022-04-22 09:14:50,096 [INFO] [VIX_Motor_Controller] [] : 2D32
2022-04-22 09:14:50,098 [INFO] [VIX_Motor_Controller] [] : output = b'2D32\r\n'
2022-04-22 09:14:50,155 [INFO] [VIX_Motor_Controller] [] : 2G
2022-04-22 09:14:50,155 [INFO] [VIX_Motor_Controller] [] : output = b'2G\r\n'
2022-04-22 09:14:51,275 [INFO] [VIX_Motor_Controller] [] : 2D26
2022-04-22 09:14:51,276 [INFO] [VIX_Motor_Controller] [] : output = b'2D26\r\n'
2022-04-22 09:14:51,330 [INFO] [VIX_Motor_Controller] [] : 2G
2022-04-22 09:14:51,331 [INFO] [VIX_Motor_Controller] [] : output = b'2G\r\n'
2022-04-22 09:14:52,451 [INFO] [VIX_Motor_Controller] [] : 2D20
2022-04-22 09:14:52,458 [INFO] [VIX_Motor_Controller] [] : output = b'2D20\r\n'
2022-04-22 09:14:52,518 [INFO] [VIX_Motor_Controller] [] : 2G
2022-04-22 09:14:52,519 [INFO] [VIX_Motor_Controller] [] : output = b'2G\r\n'
2022-04-22 09:14:53,637 [INFO] [VIX_Motor_Controller] [] : 2D14
2022-04-22 09:14:53,639 [INFO] [VIX_Motor_Controller] [] : output = b'2D14\r\n'
2022-04-22 09:14:53,705 [INFO] [VIX_Motor_Controller] [] : 2G
2022-04-22 09:14:53,706 [INFO] [VIX_Motor_Controller] [] : output = b'2G\r\n'
2022-04-22 09:14:54,837 [INFO] [VIX_Motor_Controller] [] : 2D8
2022-04-22 09:14:54,839 [INFO] [VIX_Motor_Controller] [] : output = b'2D8\r\n'
2022-04-22 09:14:54,895 [INFO] [VIX_Motor_Controller] [] : 2G
2022-04-22 09:14:54,896 [INFO] [VIX_Motor_Controller] [] : output = b'2G\r\n'
2022-04-22 09:14:56,029 [INFO] [VIX_Motor_Controller] [] : 2D2
2022-04-22 09:14:56,030 [INFO] [VIX_Motor_Controller] [] : output = b'2D2\r\n'
2022-04-22 09:14:56,089 [INFO] [VIX_Motor_Controller] [] : 2G
2022-04-22 09:14:56,090 [INFO] [VIX_Motor_Controller] [] : output = b'2G\r\n'
2022-04-22 09:14:57,496 [INFO] [VIX_Motor_Controller] [] : 2D-3
2022-04-22 09:14:57,499 [INFO] [VIX_Motor_Controller] [] : output = b'2D-3\r\n'
2022-04-22 09:14:57,558 [INFO] [VIX_Motor_Controller] [] : 2G
2022-04-22 09:14:57,559 [INFO] [VIX_Motor_Controller] [] : output = b'2G\r\n'
2022-04-22 09:14:58,695 [INFO] [VIX_Motor_Controller] [] : 2D-9
2022-04-22 09:14:58,696 [INFO] [VIX_Motor_Controller] [] : output = b'2D-9\r\n'
2022-04-22 09:14:58,750 [INFO] [VIX_Motor_Controller] [] : 2G
2022-04-22 09:14:58,751 [INFO] [VIX_Motor_Controller] [] : output = b'2G\r\n'
2022-04-22 09:14:59,876 [INFO] [VIX_Motor_Controller] [] : 2D-15
2022-04-22 09:14:59,878 [INFO] [VIX_Motor_Controller] [] : output = b'2D-15\r\n'
2022-04-22 09:14:59,938 [INFO] [VIX_Motor_Controller] [] : 2G
2022-04-22 09:14:59,939 [INFO] [VIX_Motor_Controller] [] : output = b'2G\r\n'
2022-04-22 09:15:01,068 [INFO] [VIX_Motor_Controller] [] : 2D-21
2022-04-22 09:15:01,070 [INFO] [VIX_Motor_Controller] [] : output = b'2D-21\r\n'
2022-04-22 09:15:01,131 [INFO] [VIX_Motor_Controller] [] : 2G
2022-04-22 09:15:01,132 [INFO] [VIX_Motor_Controller] [] : output = b'2G\r\n'
2022-04-22 09:15:02,253 [INFO] [VIX_Motor_Controller] [] : 2D-27
2022-04-22 09:15:02,254 [INFO] [VIX_Motor_Controller] [] : output = b'2D-27\r\n'
2022-04-22 09:15:02,322 [INFO] [VIX_Motor_Controller] [] : 2G
2022-04-22 09:15:02,323 [INFO] [VIX_Motor_Controller] [] : output = b'2G\r\n'
2022-04-22 09:15:03,452 [INFO] [VIX_Motor_Controller] [] : 2D-33
2022-04-22 09:15:03,454 [INFO] [VIX_Motor_Controller] [] : output = b'2D-33\r\n'
2022-04-22 09:15:03,514 [INFO] [VIX_Motor_Controller] [] : 2G
2022-04-22 09:15:03,515 [INFO] [VIX_Motor_Controller] [] : output = b'2G\r\n'
2022-04-22 09:15:04,649 [INFO] [VIX_Motor_Controller] [] : 2D-39
2022-04-22 09:15:04,651 [INFO] [VIX_Motor_Controller] [] : output = b'2D-39\r\n'
2022-04-22 09:15:04,715 [INFO] [VIX_Motor_Controller] [] : 2G
2022-04-22 09:15:04,716 [INFO] [VIX_Motor_Controller] [] : output = b'2G\r\n'
2022-04-22 09:15:05,847 [INFO] [VIX_Motor_Controller] [] : 2D-45
2022-04-22 09:15:05,849 [INFO] [VIX_Motor_Controller] [] : output = b'2D-45\r\n'
2022-04-22 09:15:05,902 [INFO] [VIX_Motor_Controller] [] : 2G
2022-04-22 09:15:05,903 [INFO] [VIX_Motor_Controller] [] : output = b'2G\r\n'
2022-04-22 09:15:07,021 [INFO] [VIX_Motor_Controller] [] : 2D-51
2022-04-22 09:15:07,029 [INFO] [VIX_Motor_Controller] [] : output = b'2D-51\r\n'
2022-04-22 09:15:07,090 [INFO] [VIX_Motor_Controller] [] : 2G
2022-04-22 09:15:07,090 [INFO] [VIX_Motor_Controller] [] : output = b'2G\r\n'
2022-04-22 09:15:08,223 [INFO] [VIX_Motor_Controller] [] : 2D-57
2022-04-22 09:15:08,225 [INFO] [VIX_Motor_Controller] [] : output = b'2D-57\r\n'
2022-04-22 09:15:08,281 [INFO] [VIX_Motor_Controller] [] : 2G
2022-04-22 09:15:08,282 [INFO] [VIX_Motor_Controller] [] : output = b'2G\r\n'
2022-04-22 09:15:09,408 [INFO] [VIX_Motor_Controller] [] : 2D-63
2022-04-22 09:15:09,409 [INFO] [VIX_Motor_Controller] [] : output = b'2D-63\r\n'
2022-04-22 09:15:09,467 [INFO] [VIX_Motor_Controller] [] : 2G
2022-04-22 09:15:09,467 [INFO] [VIX_Motor_Controller] [] : output = b'2G\r\n'
2022-04-22 09:15:10,605 [INFO] [VIX_Motor_Controller] [] : 2D-69
2022-04-22 09:15:10,615 [INFO] [VIX_Motor_Controller] [] : output = b'2D-69\r\n'
2022-04-22 09:15:10,669 [INFO] [VIX_Motor_Controller] [] : 2G
2022-04-22 09:15:10,670 [INFO] [VIX_Motor_Controller] [] : output = b'2G\r\n'
2022-04-22 09:15:11,788 [INFO] [VIX_Motor_Controller] [] : 2D-75
2022-04-22 09:15:11,795 [INFO] [VIX_Motor_Controller] [] : output = b'2D-75\r\n'
2022-04-22 09:15:11,862 [INFO] [VIX_Motor_Controller] [] : 2G
2022-04-22 09:15:11,863 [INFO] [VIX_Motor_Controller] [] : output = b'2G\r\n'
2022-04-22 09:15:13,012 [INFO] [VIX_Motor_Controller] [] : 2D-81
2022-04-22 09:15:13,022 [INFO] [VIX_Motor_Controller] [] : output = b'2D-81\r\n'
2022-04-22 09:15:13,081 [INFO] [VIX_Motor_Controller] [] : 2G
2022-04-22 09:15:13,082 [INFO] [VIX_Motor_Controller] [] : output = b'2G\r\n'
2022-04-22 09:15:14,210 [INFO] [VIX_Motor_Controller] [] : 2D-87
2022-04-22 09:15:14,212 [INFO] [VIX_Motor_Controller] [] : output = b'2D-87\r\n'
2022-04-22 09:15:14,268 [INFO] [VIX_Motor_Controller] [] : 2G
2022-04-22 09:15:14,269 [INFO] [VIX_Motor_Controller] [] : output = b'2G\r\n'
2022-04-22 09:15:15,393 [INFO] [VIX_Motor_Controller] [] : 2D-93
2022-04-22 09:15:15,395 [INFO] [VIX_Motor_Controller] [] : output = b'2D-93\r\n'
2022-04-22 09:15:15,455 [INFO] [VIX_Motor_Controller] [] : 2G
2022-04-22 09:15:15,456 [INFO] [VIX_Motor_Controller] [] : output = b'2G\r\n'
2022-04-22 09:15:16,591 [INFO] [VIX_Motor_Controller] [] : 2D-99
2022-04-22 09:15:16,592 [INFO] [VIX_Motor_Controller] [] : output = b'2D-99\r\n'
2022-04-22 09:15:16,647 [INFO] [VIX_Motor_Controller] [] : 2G
2022-04-22 09:15:16,647 [INFO] [VIX_Motor_Controller] [] : output = b'2G\r\n'
2022-04-22 09:15:17,770 [INFO] [VIX_Motor_Controller] [] : 2D-105
2022-04-22 09:15:17,772 [INFO] [VIX_Motor_Controller] [] : output = b'2D-105\r\n'
2022-04-22 09:15:17,837 [INFO] [VIX_Motor_Controller] [] : 2G
2022-04-22 09:15:17,837 [INFO] [VIX_Motor_Controller] [] : output = b'2G\r\n'
2022-04-22 09:15:18,983 [INFO] [VIX_Motor_Controller] [] : 2D-111
2022-04-22 09:15:18,991 [INFO] [VIX_Motor_Controller] [] : output = b'2D-111\r\n'
2022-04-22 09:15:19,055 [INFO] [VIX_Motor_Controller] [] : 2G
2022-04-22 09:15:19,056 [INFO] [VIX_Motor_Controller] [] : output = b'2G\r\n'
2022-04-22 09:15:20,181 [INFO] [VIX_Motor_Controller] [] : 2D-117
2022-04-22 09:15:20,183 [INFO] [VIX_Motor_Controller] [] : output = b'2D-117\r\n'
2022-04-22 09:15:20,241 [INFO] [VIX_Motor_Controller] [] : 2G
2022-04-22 09:15:20,242 [INFO] [VIX_Motor_Controller] [] : output = b'2G\r\n'
2022-04-22 09:15:21,363 [INFO] [VIX_Motor_Controller] [] : 2D110
2022-04-22 09:15:21,365 [INFO] [VIX_Motor_Controller] [] : output = b'2D110\r\n'
2022-04-22 09:15:21,431 [INFO] [VIX_Motor_Controller] [] : 2G
2022-04-22 09:15:21,432 [INFO] [VIX_Motor_Controller] [] : output = b'2G\r\n'
2022-04-22 09:15:21,978 [INFO] [Manager] [] : Maximum of -3.862198409289988e-07 @ theta = -82.60000000000001 degrees. Going there.
2022-04-22 09:15:22,040 [INFO] [Manager] [] : Element number not given, using current element: 1
2022-04-22 09:15:22,046 [INFO] [Manager] [] : Element number not given, using previous element: 1
2022-04-22 09:15:22,049 [INFO] [Manager] [] : Element number not given, using previous element: 1
2022-04-22 09:15:22,049 [INFO] [VIX_Motor_Controller] [] : 1D-7953
2022-04-22 09:15:22,050 [INFO] [VIX_Motor_Controller] [] : output = b'1D-7953\r\n'
2022-04-22 09:15:22,102 [INFO] [VIX_Motor_Controller] [] : 1G
2022-04-22 09:15:22,103 [INFO] [VIX_Motor_Controller] [] : output = b'1G\r\n'
2022-04-22 09:15:22,275 [INFO] [VIX_Motor_Controller] [] : 2D1318
2022-04-22 09:15:22,275 [INFO] [VIX_Motor_Controller] [] : output = b'2D1318\r\n'
2022-04-22 09:15:22,338 [INFO] [VIX_Motor_Controller] [] : 2G
2022-04-22 09:15:22,338 [INFO] [VIX_Motor_Controller] [] : output = b'2G\r\n'
2022-04-22 09:15:23,892 [INFO] [Manager] [] : Moved to 1, at coordinate x=-2.12, r=-2.1
2022-04-22 09:15:23,896 [INFO] [MT_balance] [] : Zeroing Balance
2022-04-22 09:15:23,901 [INFO] [MT_balance] [] : Balance Zeroed
2022-04-22 09:15:23,901 [INFO] [Manager] [] : Turning off AWG
2022-04-22 09:15:24,705 [ERROR] [MT_balance] [] : MT_Balance timed out
2022-04-22 09:15:25,548 [ERROR] [MT_balance] [] : MT_Balance timed out
2022-04-22 09:15:26,393 [ERROR] [MT_balance] [] : MT_Balance timed out
2022-04-22 09:15:27,240 [ERROR] [MT_balance] [] : MT_Balance timed out
2022-04-22 09:15:28,088 [ERROR] [MT_balance] [] : MT_Balance timed out
2022-04-22 09:15:28,933 [ERROR] [MT_balance] [] : MT_Balance timed out
2022-04-22 09:15:29,772 [ERROR] [MT_balance] [] : MT_Balance timed out
2022-04-22 09:15:30,619 [ERROR] [MT_balance] [] : MT_Balance timed out
2022-04-22 09:15:31,465 [ERROR] [MT_balance] [] : MT_Balance timed out
2022-04-22 09:15:32,305 [ERROR] [MT_balance] [] : MT_Balance timed out
2022-04-22 09:15:33,166 [ERROR] [MT_balance] [] : MT_Balance timed out
2022-04-22 09:15:34,000 [ERROR] [MT_balance] [] : MT_Balance timed out
2022-04-22 09:15:34,000 [INFO] [Manager] [] : Turning on AWG
2022-04-22 09:15:35,901 [ERROR] [MT_balance] [] : MT_Balance timed out
2022-04-22 09:15:36,759 [ERROR] [MT_balance] [] : MT_Balance timed out
2022-04-22 09:15:37,602 [ERROR] [MT_balance] [] : MT_Balance timed out
2022-04-22 09:15:38,450 [ERROR] [MT_balance] [] : MT_Balance timed out
2022-04-22 09:15:39,293 [ERROR] [MT_balance] [] : MT_Balance timed out
2022-04-22 09:15:40,136 [ERROR] [MT_balance] [] : MT_Balance timed out
2022-04-22 09:15:40,981 [ERROR] [MT_balance] [] : MT_Balance timed out
2022-04-22 09:15:41,823 [ERROR] [MT_balance] [] : MT_Balance timed out
2022-04-22 09:15:42,668 [ERROR] [MT_balance] [] : MT_Balance timed out
2022-04-22 09:15:43,516 [ERROR] [MT_balance] [] : MT_Balance timed out
2022-04-22 09:15:44,361 [ERROR] [MT_balance] [] : MT_Balance timed out
2022-04-22 09:15:44,362 [INFO] [Manager] [] : Turning off AWG
2022-04-22 09:15:53,761 [ERROR] [MT_balance] [] : MT_Balance timed out
2022-04-22 09:15:54,610 [ERROR] [MT_balance] [] : MT_Balance timed out
2022-04-22 09:15:54,612 [INFO] [Manager] [] : Turning on AWG
2022-04-22 09:16:04,645 [INFO] [Manager] [] : Turning off AWG
2022-04-22 09:16:07,060 [ERROR] [MT_balance] [] : MT_Balance timed out
2022-04-22 09:16:07,904 [ERROR] [MT_balance] [] : MT_Balance timed out
2022-04-22 09:16:08,762 [ERROR] [MT_balance] [] : MT_Balance timed out
2022-04-22 09:16:09,606 [ERROR] [MT_balance] [] : MT_Balance timed out
2022-04-22 09:16:10,449 [ERROR] [MT_balance] [] : MT_Balance timed out
2022-04-22 09:16:14,681 [INFO] [Manager] [] : Turning on AWG
2022-04-22 09:16:19,634 [ERROR] [MT_balance] [] : MT_Balance timed out
2022-04-22 09:16:20,587 [ERROR] [MT_balance] [] : MT_Balance timed out
2022-04-22 09:16:25,240 [ERROR] [MT_balance] [] : MT_Balance timed out
2022-04-22 09:16:25,350 [INFO] [Results] [manager_thread] : Saving test results
2022-04-22 09:16:25,353 [INFO] [Results] [manager_thread] : Saving results summary to: C:\Users\Isaiah\OneDrive\Documents\UA results\GG1138-2022.04.22-09.13.txt
2022-04-22 09:16:25,353 [INFO] [Results] [manager_thread] : creating results path...
2022-04-22 09:16:30,126 [INFO] [VIX_Motor_Controller] [] : 2GH
2022-04-22 09:16:30,126 [INFO] [VIX_Motor_Controller] [] : output = b'2GH\r\n'
2022-04-22 09:16:30,253 [INFO] [VIX_Motor_Controller] [] : 1GH
2022-04-22 09:16:30,259 [INFO] [VIX_Motor_Controller] [] : output = b'1GH\r\n'
2022-04-22 09:17:21,013 [INFO] [Manager] [manager_thread] : Aborting script
2022-04-22 09:17:21,201 [INFO] [manager_thread] : app exited with code 0
anager_thread] : Saving results summary to: C:\Users\Isaiah\OneDrive\Documents\UA results\GG1138-2022.04.22-09.13.txt
2022-04-22 09:16:25,353 [INFO] [Results] [manager_thread] : creating results path...
2022-04-22 09:16:30,126 [INFO] [VIX_Motor_Controller] [] : 2GH
2022-04-22 09:16:30,126 [INFO] [VIX_Motor_Controller] [] : output = b'2GH\r\n'
2022-04-22 09:16:30,253 [INFO] [VIX_Motor_Controller] [] : 1GH
2022-04-22 09:16:30,259 [INFO] [VIX_Motor_Controller] [] : output = b'1GH\r\n'
2022-04-22 09:17:21,013 [INFO] [Manager] [manager_thread] : Aborting script
2022-04-22 09:17:21,201 [INFO] [manager_thread] : app exited with code 0
r_Controller] [] : output = b'1GH\r\n'
2022-04-22 09:17:21,013 [INFO] [Manager] [manager_thread] : Aborting script
2022-04-22 09:17:21,201 [INFO] [manager_thread] : app exited with code 0
